Running: fuse.exe -relaunch -intstyle "ise" -incremental -o "D:/Github/4.SemesterProject/Code/FPGA/Solution/bcdTest_isim_beh.exe" -prj "D:/Github/4.SemesterProject/Code/FPGA/Solution/bcdTest_beh.prj" "work.bcdTest" 
ISim P.20131013 (signature 0x7708f090)
Number of CPUs detected in this system: 4
Turning on mult-threading, number of parallel sub-compilation jobs: 8 
Determining compilation order of HDL files
Parsing VHDL file "D:/Github/4.SemesterProject/Code/FPGA/Solution/NumberToBcd.vhd" into library work
Parsing VHDL file "D:/Github/4.SemesterProject/Code/FPGA/Solution/bcdTest.vhd" into library work
Starting static elaboration
Completed static elaboration
Compiling package standard
Compiling package std_logic_1164
Compiling package std_logic_arith
Compiling package std_logic_unsigned
Compiling architecture behavioral of entity NumberToBcd [numbertobcd_default]
Compiling architecture behavior of entity bcdtest
Time Resolution for simulation is 1ps.
Waiting for 1 sub-compilation(s) to finish...
Compiled 7 VHDL Units
Built simulation executable D:/Github/4.SemesterProject/Code/FPGA/Solution/bcdTest_isim_beh.exe
Fuse Memory Usage: 34220 KB
Fuse CPU Usage: 609 ms
