ISim log file
Running: D:\Github\4.SemesterProject\Code\FPGA\Solution\Design_Design_sch_tb_isim_beh.exe -intstyle ise -gui -tclbatch isim.cmd -wdb D:/Github/4.SemesterProject/Code/FPGA/Solution/Design_Design_sch_tb_isim_beh.wdb 
ISim P.20131013 (signature 0x7708f090)
WARNING: A WEBPACK license was found.
WARNING: Please use Xilinx License Configuration Manager to check out a full ISim license.
WARNING: ISim will run in Lite mode. Please refer to the ISim documentation for more information on the differences between the Lite and the Full version.
This is a Lite version of ISim.
Time resolution is 1 ps
# onerror resume
# wave add /
# run 1000 ns
Simulator is doing circuit initialization process.
Finished circuit initialization process.
at 10 ns(2), Instance /design_design_sch_tb/UUT/XLXI_25/ : Warning: NUMERIC_STD."=": metavalue detected, returning FALSE
at 10 ns(2), Instance /design_design_sch_tb/UUT/XLXI_26/ : Warning: NUMERIC_STD."=": metavalue detected, returning FALSE
at 30 ns(2), Instance /design_design_sch_tb/UUT/XLXI_25/ : Warning: NUMERIC_STD."=": metavalue detected, returning FALSE
at 30 ns(2), Instance /design_design_sch_tb/UUT/XLXI_26/ : Warning: NUMERIC_STD."=": metavalue detected, returning FALSE
at 50 ns(2), Instance /design_design_sch_tb/UUT/XLXI_25/ : Warning: NUMERIC_STD."=": metavalue detected, returning FALSE
at 50 ns(2), Instance /design_design_sch_tb/UUT/XLXI_26/ : Warning: NUMERIC_STD."=": metavalue detected, returning FALSE
at 70 ns(2), Instance /design_design_sch_tb/UUT/XLXI_25/ : Warning: NUMERIC_STD."=": metavalue detected, returning FALSE
at 70 ns(2), Instance /design_design_sch_tb/UUT/XLXI_26/ : Warning: NUMERIC_STD."=": metavalue detected, returning FALSE
at 90 ns(2), Instance /design_design_sch_tb/UUT/XLXI_25/ : Warning: NUMERIC_STD."=": metavalue detected, returning FALSE
at 90 ns(2), Instance /design_design_sch_tb/UUT/XLXI_26/ : Warning: NUMERIC_STD."=": metavalue detected, returning FALSE
at 110 ns(2), Instance /design_design_sch_tb/UUT/XLXI_25/ : Warning: NUMERIC_STD."=": metavalue detected, returning FALSE
at 110 ns(2), Instance /design_design_sch_tb/UUT/XLXI_26/ : Warning: NUMERIC_STD."=": metavalue detected, returning FALSE
at 130 ns(2), Instance /design_design_sch_tb/UUT/XLXI_25/ : Warning: NUMERIC_STD."=": metavalue detected, returning FALSE
at 130 ns(2), Instance /design_design_sch_tb/UUT/XLXI_26/ : Warning: NUMERIC_STD."=": metavalue detected, returning FALSE
at 150 ns(2), Instance /design_design_sch_tb/UUT/XLXI_25/ : Warning: NUMERIC_STD."=": metavalue detected, returning FALSE
at 150 ns(2), Instance /design_design_sch_tb/UUT/XLXI_26/ : Warning: NUMERIC_STD."=": metavalue detected, returning FALSE
at 170 ns(2), Instance /design_design_sch_tb/UUT/XLXI_25/ : Warning: NUMERIC_STD."=": metavalue detected, returning FALSE
at 170 ns(2), Instance /design_design_sch_tb/UUT/XLXI_26/ : Warning: NUMERIC_STD."=": metavalue detected, returning FALSE
at 190 ns(2), Instance /design_design_sch_tb/UUT/XLXI_25/ : Warning: NUMERIC_STD."=": metavalue detected, returning FALSE
at 190 ns(2), Instance /design_design_sch_tb/UUT/XLXI_26/ : Warning: NUMERIC_STD."=": metavalue detected, returning FALSE
at 210 ns(2), Instance /design_design_sch_tb/UUT/XLXI_25/ : Warning: NUMERIC_STD."=": metavalue detected, returning FALSE
at 210 ns(2), Instance /design_design_sch_tb/UUT/XLXI_26/ : Warning: NUMERIC_STD."=": metavalue detected, returning FALSE
at 230 ns(2), Instance /design_design_sch_tb/UUT/XLXI_25/ : Warning: NUMERIC_STD."=": metavalue detected, returning FALSE
at 230 ns(2), Instance /design_design_sch_tb/UUT/XLXI_26/ : Warning: NUMERIC_STD."=": metavalue detected, returning FALSE
at 250 ns(2), Instance /design_design_sch_tb/UUT/XLXI_25/ : Warning: NUMERIC_STD."=": metavalue detected, returning FALSE
at 250 ns(2), Instance /design_design_sch_tb/UUT/XLXI_26/ : Warning: NUMERIC_STD."=": metavalue detected, returning FALSE
at 270 ns(2), Instance /design_design_sch_tb/UUT/XLXI_25/ : Warning: NUMERIC_STD."=": metavalue detected, returning FALSE
at 270 ns(2), Instance /design_design_sch_tb/UUT/XLXI_26/ : Warning: NUMERIC_STD."=": metavalue detected, returning FALSE
at 290 ns(2), Instance /design_design_sch_tb/UUT/XLXI_25/ : Warning: NUMERIC_STD."=": metavalue detected, returning FALSE
at 290 ns(2), Instance /design_design_sch_tb/UUT/XLXI_26/ : Warning: NUMERIC_STD."=": metavalue detected, returning FALSE
at 310 ns(2), Instance /design_design_sch_tb/UUT/XLXI_25/ : Warning: NUMERIC_STD."=": metavalue detected, returning FALSE
at 310 ns(2), Instance /design_design_sch_tb/UUT/XLXI_26/ : Warning: NUMERIC_STD."=": metavalue detected, returning FALSE
at 330 ns(2), Instance /design_design_sch_tb/UUT/XLXI_25/ : Warning: NUMERIC_STD."=": metavalue detected, returning FALSE
at 330 ns(2), Instance /design_design_sch_tb/UUT/XLXI_26/ : Warning: NUMERIC_STD."=": metavalue detected, returning FALSE
at 350 ns(2), Instance /design_design_sch_tb/UUT/XLXI_25/ : Warning: NUMERIC_STD."=": metavalue detected, returning FALSE
at 350 ns(2), Instance /design_design_sch_tb/UUT/XLXI_26/ : Warning: NUMERIC_STD."=": metavalue detected, returning FALSE
at 370 ns(2), Instance /design_design_sch_tb/UUT/XLXI_25/ : Warning: NUMERIC_STD."=": metavalue detected, returning FALSE
at 370 ns(2), Instance /design_design_sch_tb/UUT/XLXI_26/ : Warning: NUMERIC_STD."=": metavalue detected, returning FALSE
at 390 ns(2), Instance /design_design_sch_tb/UUT/XLXI_25/ : Warning: NUMERIC_STD."=": metavalue detected, returning FALSE
at 390 ns(2), Instance /design_design_sch_tb/UUT/XLXI_26/ : Warning: NUMERIC_STD."=": metavalue detected, returning FALSE
at 410 ns(2), Instance /design_design_sch_tb/UUT/XLXI_25/ : Warning: NUMERIC_STD."=": metavalue detected, returning FALSE
at 410 ns(2), Instance /design_design_sch_tb/UUT/XLXI_26/ : Warning: NUMERIC_STD."=": metavalue detected, returning FALSE
at 430 ns(2), Instance /design_design_sch_tb/UUT/XLXI_25/ : Warning: NUMERIC_STD."=": metavalue detected, returning FALSE
at 430 ns(2), Instance /design_design_sch_tb/UUT/XLXI_26/ : Warning: NUMERIC_STD."=": metavalue detected, returning FALSE
at 450 ns(2), Instance /design_design_sch_tb/UUT/XLXI_25/ : Warning: NUMERIC_STD."=": metavalue detected, returning FALSE
at 450 ns(2), Instance /design_design_sch_tb/UUT/XLXI_26/ : Warning: NUMERIC_STD."=": metavalue detected, returning FALSE
at 470 ns(2), Instance /design_design_sch_tb/UUT/XLXI_25/ : Warning: NUMERIC_STD."=": metavalue detected, returning FALSE
at 470 ns(2), Instance /design_design_sch_tb/UUT/XLXI_26/ : Warning: NUMERIC_STD."=": metavalue detected, returning FALSE
at 490 ns(2), Instance /design_design_sch_tb/UUT/XLXI_25/ : Warning: NUMERIC_STD."=": metavalue detected, returning FALSE
at 490 ns(2), Instance /design_design_sch_tb/UUT/XLXI_26/ : Warning: NUMERIC_STD."=": metavalue detected, returning FALSE
at 510 ns(2), Instance /design_design_sch_tb/UUT/XLXI_25/ : Warning: NUMERIC_STD."=": metavalue detected, returning FALSE
at 510 ns(2), Instance /design_design_sch_tb/UUT/XLXI_26/ : Warning: NUMERIC_STD."=": metavalue detected, returning FALSE
at 530 ns(2), Instance /design_design_sch_tb/UUT/XLXI_25/ : Warning: NUMERIC_STD."=": metavalue detected, returning FALSE
at 530 ns(2), Instance /design_design_sch_tb/UUT/XLXI_26/ : Warning: NUMERIC_STD."=": metavalue detected, returning FALSE
at 550 ns(2), Instance /design_design_sch_tb/UUT/XLXI_25/ : Warning: NUMERIC_STD."=": metavalue detected, returning FALSE
at 550 ns(2), Instance /design_design_sch_tb/UUT/XLXI_26/ : Warning: NUMERIC_STD."=": metavalue detected, returning FALSE
at 570 ns(2), Instance /design_design_sch_tb/UUT/XLXI_25/ : Warning: NUMERIC_STD."=": metavalue detected, returning FALSE
at 570 ns(2), Instance /design_design_sch_tb/UUT/XLXI_26/ : Warning: NUMERIC_STD."=": metavalue detected, returning FALSE
at 590 ns(2), Instance /design_design_sch_tb/UUT/XLXI_25/ : Warning: NUMERIC_STD."=": metavalue detected, returning FALSE
at 590 ns(2), Instance /design_design_sch_tb/UUT/XLXI_26/ : Warning: NUMERIC_STD."=": metavalue detected, returning FALSE
at 610 ns(2), Instance /design_design_sch_tb/UUT/XLXI_25/ : Warning: NUMERIC_STD."=": metavalue detected, returning FALSE
at 610 ns(2), Instance /design_design_sch_tb/UUT/XLXI_26/ : Warning: NUMERIC_STD."=": metavalue detected, returning FALSE
at 630 ns(2), Instance /design_design_sch_tb/UUT/XLXI_25/ : Warning: NUMERIC_STD."=": metavalue detected, returning FALSE
at 630 ns(2), Instance /design_design_sch_tb/UUT/XLXI_26/ : Warning: NUMERIC_STD."=": metavalue detected, returning FALSE
at 650 ns(2), Instance /design_design_sch_tb/UUT/XLXI_25/ : Warning: NUMERIC_STD."=": metavalue detected, returning FALSE
at 650 ns(2), Instance /design_design_sch_tb/UUT/XLXI_26/ : Warning: NUMERIC_STD."=": metavalue detected, returning FALSE
at 670 ns(2), Instance /design_design_sch_tb/UUT/XLXI_25/ : Warning: NUMERIC_STD."=": metavalue detected, returning FALSE
at 670 ns(2), Instance /design_design_sch_tb/UUT/XLXI_26/ : Warning: NUMERIC_STD."=": metavalue detected, returning FALSE
at 690 ns(2), Instance /design_design_sch_tb/UUT/XLXI_25/ : Warning: NUMERIC_STD."=": metavalue detected, returning FALSE
at 690 ns(2), Instance /design_design_sch_tb/UUT/XLXI_26/ : Warning: NUMERIC_STD."=": metavalue detected, returning FALSE
at 710 ns(2), Instance /design_design_sch_tb/UUT/XLXI_25/ : Warning: NUMERIC_STD."=": metavalue detected, returning FALSE
at 710 ns(2), Instance /design_design_sch_tb/UUT/XLXI_26/ : Warning: NUMERIC_STD."=": metavalue detected, returning FALSE
at 730 ns(2), Instance /design_design_sch_tb/UUT/XLXI_25/ : Warning: NUMERIC_STD."=": metavalue detected, returning FALSE
at 730 ns(2), Instance /design_design_sch_tb/UUT/XLXI_26/ : Warning: NUMERIC_STD."=": metavalue detected, returning FALSE
at 750 ns(2), Instance /design_design_sch_tb/UUT/XLXI_25/ : Warning: NUMERIC_STD."=": metavalue detected, returning FALSE
at 750 ns(2), Instance /design_design_sch_tb/UUT/XLXI_26/ : Warning: NUMERIC_STD."=": metavalue detected, returning FALSE
at 770 ns(2), Instance /design_design_sch_tb/UUT/XLXI_25/ : Warning: NUMERIC_STD."=": metavalue detected, returning FALSE
at 770 ns(2), Instance /design_design_sch_tb/UUT/XLXI_26/ : Warning: NUMERIC_STD."=": metavalue detected, returning FALSE
at 790 ns(2), Instance /design_design_sch_tb/UUT/XLXI_25/ : Warning: NUMERIC_STD."=": metavalue detected, returning FALSE
at 790 ns(2), Instance /design_design_sch_tb/UUT/XLXI_26/ : Warning: NUMERIC_STD."=": metavalue detected, returning FALSE
at 810 ns(2), Instance /design_design_sch_tb/UUT/XLXI_25/ : Warning: NUMERIC_STD."=": metavalue detected, returning FALSE
at 810 ns(2), Instance /design_design_sch_tb/UUT/XLXI_26/ : Warning: NUMERIC_STD."=": metavalue detected, returning FALSE
at 830 ns(2), Instance /design_design_sch_tb/UUT/XLXI_25/ : Warning: NUMERIC_STD."=": metavalue detected, returning FALSE
at 830 ns(2), Instance /design_design_sch_tb/UUT/XLXI_26/ : Warning: NUMERIC_STD."=": metavalue detected, returning FALSE
at 850 ns(2), Instance /design_design_sch_tb/UUT/XLXI_25/ : Warning: NUMERIC_STD."=": metavalue detected, returning FALSE
at 850 ns(2), Instance /design_design_sch_tb/UUT/XLXI_26/ : Warning: NUMERIC_STD."=": metavalue detected, returning FALSE
at 870 ns(2), Instance /design_design_sch_tb/UUT/XLXI_25/ : Warning: NUMERIC_STD."=": metavalue detected, returning FALSE
at 870 ns(2), Instance /design_design_sch_tb/UUT/XLXI_26/ : Warning: NUMERIC_STD."=": metavalue detected, returning FALSE
at 890 ns(2), Instance /design_design_sch_tb/UUT/XLXI_25/ : Warning: NUMERIC_STD."=": metavalue detected, returning FALSE
at 890 ns(2), Instance /design_design_sch_tb/UUT/XLXI_26/ : Warning: NUMERIC_STD."=": metavalue detected, returning FALSE
at 910 ns(2), Instance /design_design_sch_tb/UUT/XLXI_25/ : Warning: NUMERIC_STD."=": metavalue detected, returning FALSE
at 910 ns(2), Instance /design_design_sch_tb/UUT/XLXI_26/ : Warning: NUMERIC_STD."=": metavalue detected, returning FALSE
at 930 ns(2), Instance /design_design_sch_tb/UUT/XLXI_25/ : Warning: NUMERIC_STD."=": metavalue detected, returning FALSE
at 930 ns(2), Instance /design_design_sch_tb/UUT/XLXI_26/ : Warning: NUMERIC_STD."=": metavalue detected, returning FALSE
at 950 ns(2), Instance /design_design_sch_tb/UUT/XLXI_25/ : Warning: NUMERIC_STD."=": metavalue detected, returning FALSE
at 950 ns(2), Instance /design_design_sch_tb/UUT/XLXI_26/ : Warning: NUMERIC_STD."=": metavalue detected, returning FALSE
at 970 ns(2), Instance /design_design_sch_tb/UUT/XLXI_25/ : Warning: NUMERIC_STD."=": metavalue detected, returning FALSE
at 970 ns(2), Instance /design_design_sch_tb/UUT/XLXI_26/ : Warning: NUMERIC_STD."=": metavalue detected, returning FALSE
at 990 ns(2), Instance /design_design_sch_tb/UUT/XLXI_25/ : Warning: NUMERIC_STD."=": metavalue detected, returning FALSE
at 990 ns(2), Instance /design_design_sch_tb/UUT/XLXI_26/ : Warning: NUMERIC_STD."=": metavalue detected, returning FALSE
# run 10.00us
at 1010 ns(2), Instance /design_design_sch_tb/UUT/XLXI_25/ : Warning: NUMERIC_STD."=": metavalue detected, returning FALSE
at 1010 ns(2), Instance /design_design_sch_tb/UUT/XLXI_26/ : Warning: NUMERIC_STD."=": metavalue detected, returning FALSE
at 1030 ns(2), Instance /design_design_sch_tb/UUT/XLXI_25/ : Warning: NUMERIC_STD."=": metavalue detected, returning FALSE
at 1030 ns(2), Instance /design_design_sch_tb/UUT/XLXI_26/ : Warning: NUMERIC_STD."=": metavalue detected, returning FALSE
at 1050 ns(2), Instance /design_design_sch_tb/UUT/XLXI_25/ : Warning: NUMERIC_STD."=": metavalue detected, returning FALSE
at 1050 ns(2), Instance /design_design_sch_tb/UUT/XLXI_26/ : Warning: NUMERIC_STD."=": metavalue detected, returning FALSE
at 1070 ns(2), Instance /design_design_sch_tb/UUT/XLXI_25/ : Warning: NUMERIC_STD."=": metavalue detected, returning FALSE
at 1070 ns(2), Instance /design_design_sch_tb/UUT/XLXI_26/ : Warning: NUMERIC_STD."=": metavalue detected, returning FALSE
at 1090 ns(2), Instance /design_design_sch_tb/UUT/XLXI_25/ : Warning: NUMERIC_STD."=": metavalue detected, returning FALSE
at 1090 ns(2), Instance /design_design_sch_tb/UUT/XLXI_26/ : Warning: NUMERIC_STD."=": metavalue detected, returning FALSE
at 1110 ns(2), Instance /design_design_sch_tb/UUT/XLXI_25/ : Warning: NUMERIC_STD."=": metavalue detected, returning FALSE
at 1110 ns(2), Instance /design_design_sch_tb/UUT/XLXI_26/ : Warning: NUMERIC_STD."=": metavalue detected, returning FALSE
at 1130 ns(2), Instance /design_design_sch_tb/UUT/XLXI_25/ : Warning: NUMERIC_STD."=": metavalue detected, returning FALSE
at 1130 ns(2), Instance /design_design_sch_tb/UUT/XLXI_26/ : Warning: NUMERIC_STD."=": metavalue detected, returning FALSE
at 1150 ns(2), Instance /design_design_sch_tb/UUT/XLXI_25/ : Warning: NUMERIC_STD."=": metavalue detected, returning FALSE
at 1150 ns(2), Instance /design_design_sch_tb/UUT/XLXI_26/ : Warning: NUMERIC_STD."=": metavalue detected, returning FALSE
at 1170 ns(2), Instance /design_design_sch_tb/UUT/XLXI_25/ : Warning: NUMERIC_STD."=": metavalue detected, returning FALSE
at 1170 ns(2), Instance /design_design_sch_tb/UUT/XLXI_26/ : Warning: NUMERIC_STD."=": metavalue detected, returning FALSE
at 1190 ns(2), Instance /design_design_sch_tb/UUT/XLXI_25/ : Warning: NUMERIC_STD."=": metavalue detected, returning FALSE
at 1190 ns(2), Instance /design_design_sch_tb/UUT/XLXI_26/ : Warning: NUMERIC_STD."=": metavalue detected, returning FALSE
at 1210 ns(2), Instance /design_design_sch_tb/UUT/XLXI_25/ : Warning: NUMERIC_STD."=": metavalue detected, returning FALSE
at 1210 ns(2), Instance /design_design_sch_tb/UUT/XLXI_26/ : Warning: NUMERIC_STD."=": metavalue detected, returning FALSE
at 1230 ns(2), Instance /design_design_sch_tb/UUT/XLXI_25/ : Warning: NUMERIC_STD."=": metavalue detected, returning FALSE
at 1230 ns(2), Instance /design_design_sch_tb/UUT/XLXI_26/ : Warning: NUMERIC_STD."=": metavalue detected, returning FALSE
at 1250 ns(2), Instance /design_design_sch_tb/UUT/XLXI_25/ : Warning: NUMERIC_STD."=": metavalue detected, returning FALSE
at 1250 ns(2), Instance /design_design_sch_tb/UUT/XLXI_26/ : Warning: NUMERIC_STD."=": metavalue detected, returning FALSE
at 1270 ns(2), Instance /design_design_sch_tb/UUT/XLXI_25/ : Warning: NUMERIC_STD."=": metavalue detected, returning FALSE
at 1270 ns(2), Instance /design_design_sch_tb/UUT/XLXI_26/ : Warning: NUMERIC_STD."=": metavalue detected, returning FALSE
at 1290 ns(2), Instance /design_design_sch_tb/UUT/XLXI_25/ : Warning: NUMERIC_STD."=": metavalue detected, returning FALSE
at 1290 ns(2), Instance /design_design_sch_tb/UUT/XLXI_26/ : Warning: NUMERIC_STD."=": metavalue detected, returning FALSE
at 1310 ns(2), Instance /design_design_sch_tb/UUT/XLXI_25/ : Warning: NUMERIC_STD."=": metavalue detected, returning FALSE
at 1310 ns(2), Instance /design_design_sch_tb/UUT/XLXI_26/ : Warning: NUMERIC_STD."=": metavalue detected, returning FALSE
at 1330 ns(2), Instance /design_design_sch_tb/UUT/XLXI_25/ : Warning: NUMERIC_STD."=": metavalue detected, returning FALSE
at 1330 ns(2), Instance /design_design_sch_tb/UUT/XLXI_26/ : Warning: NUMERIC_STD."=": metavalue detected, returning FALSE
at 1350 ns(2), Instance /design_design_sch_tb/UUT/XLXI_25/ : Warning: NUMERIC_STD."=": metavalue detected, returning FALSE
at 1350 ns(2), Instance /design_design_sch_tb/UUT/XLXI_26/ : Warning: NUMERIC_STD."=": metavalue detected, returning FALSE
at 1370 ns(2), Instance /design_design_sch_tb/UUT/XLXI_25/ : Warning: NUMERIC_STD."=": metavalue detected, returning FALSE
at 1370 ns(2), Instance /design_design_sch_tb/UUT/XLXI_26/ : Warning: NUMERIC_STD."=": metavalue detected, returning FALSE
at 1390 ns(2), Instance /design_design_sch_tb/UUT/XLXI_25/ : Warning: NUMERIC_STD."=": metavalue detected, returning FALSE
at 1390 ns(2), Instance /design_design_sch_tb/UUT/XLXI_26/ : Warning: NUMERIC_STD."=": metavalue detected, returning FALSE
at 1410 ns(2), Instance /design_design_sch_tb/UUT/XLXI_25/ : Warning: NUMERIC_STD."=": metavalue detected, returning FALSE
at 1410 ns(2), Instance /design_design_sch_tb/UUT/XLXI_26/ : Warning: NUMERIC_STD."=": metavalue detected, returning FALSE
at 1430 ns(2), Instance /design_design_sch_tb/UUT/XLXI_25/ : Warning: NUMERIC_STD."=": metavalue detected, returning FALSE
at 1430 ns(2), Instance /design_design_sch_tb/UUT/XLXI_26/ : Warning: NUMERIC_STD."=": metavalue detected, returning FALSE
at 1450 ns(2), Instance /design_design_sch_tb/UUT/XLXI_25/ : Warning: NUMERIC_STD."=": metavalue detected, returning FALSE
at 1450 ns(2), Instance /design_design_sch_tb/UUT/XLXI_26/ : Warning: NUMERIC_STD."=": metavalue detected, returning FALSE
at 1470 ns(2), Instance /design_design_sch_tb/UUT/XLXI_25/ : Warning: NUMERIC_STD."=": metavalue detected, returning FALSE
at 1470 ns(2), Instance /design_design_sch_tb/UUT/XLXI_26/ : Warning: NUMERIC_STD."=": metavalue detected, returning FALSE
at 1490 ns(2), Instance /design_design_sch_tb/UUT/XLXI_25/ : Warning: NUMERIC_STD."=": metavalue detected, returning FALSE
at 1490 ns(2), Instance /design_design_sch_tb/UUT/XLXI_26/ : Warning: NUMERIC_STD."=": metavalue detected, returning FALSE
at 1510 ns(2), Instance /design_design_sch_tb/UUT/XLXI_25/ : Warning: NUMERIC_STD."=": metavalue detected, returning FALSE
at 1510 ns(2), Instance /design_design_sch_tb/UUT/XLXI_26/ : Warning: NUMERIC_STD."=": metavalue detected, returning FALSE
at 1530 ns(2), Instance /design_design_sch_tb/UUT/XLXI_25/ : Warning: NUMERIC_STD."=": metavalue detected, returning FALSE
at 1530 ns(2), Instance /design_design_sch_tb/UUT/XLXI_26/ : Warning: NUMERIC_STD."=": metavalue detected, returning FALSE
at 1550 ns(2), Instance /design_design_sch_tb/UUT/XLXI_25/ : Warning: NUMERIC_STD."=": metavalue detected, returning FALSE
at 1550 ns(2), Instance /design_design_sch_tb/UUT/XLXI_26/ : Warning: NUMERIC_STD."=": metavalue detected, returning FALSE
at 1570 ns(2), Instance /design_design_sch_tb/UUT/XLXI_25/ : Warning: NUMERIC_STD."=": metavalue detected, returning FALSE
at 1570 ns(2), Instance /design_design_sch_tb/UUT/XLXI_26/ : Warning: NUMERIC_STD."=": metavalue detected, returning FALSE
at 1590 ns(2), Instance /design_design_sch_tb/UUT/XLXI_25/ : Warning: NUMERIC_STD."=": metavalue detected, returning FALSE
at 1590 ns(2), Instance /design_design_sch_tb/UUT/XLXI_26/ : Warning: NUMERIC_STD."=": metavalue detected, returning FALSE
at 1610 ns(2), Instance /design_design_sch_tb/UUT/XLXI_25/ : Warning: NUMERIC_STD."=": metavalue detected, returning FALSE
at 1610 ns(2), Instance /design_design_sch_tb/UUT/XLXI_26/ : Warning: NUMERIC_STD."=": metavalue detected, returning FALSE
at 1630 ns(2), Instance /design_design_sch_tb/UUT/XLXI_25/ : Warning: NUMERIC_STD."=": metavalue detected, returning FALSE
at 1630 ns(2), Instance /design_design_sch_tb/UUT/XLXI_26/ : Warning: NUMERIC_STD."=": metavalue detected, returning FALSE
at 1650 ns(2), Instance /design_design_sch_tb/UUT/XLXI_25/ : Warning: NUMERIC_STD."=": metavalue detected, returning FALSE
at 1650 ns(2), Instance /design_design_sch_tb/UUT/XLXI_26/ : Warning: NUMERIC_STD."=": metavalue detected, returning FALSE
at 1670 ns(2), Instance /design_design_sch_tb/UUT/XLXI_25/ : Warning: NUMERIC_STD."=": metavalue detected, returning FALSE
at 1670 ns(2), Instance /design_design_sch_tb/UUT/XLXI_26/ : Warning: NUMERIC_STD."=": metavalue detected, returning FALSE
at 1690 ns(2), Instance /design_design_sch_tb/UUT/XLXI_25/ : Warning: NUMERIC_STD."=": metavalue detected, returning FALSE
at 1690 ns(2), Instance /design_design_sch_tb/UUT/XLXI_26/ : Warning: NUMERIC_STD."=": metavalue detected, returning FALSE
at 1710 ns(2), Instance /design_design_sch_tb/UUT/XLXI_25/ : Warning: NUMERIC_STD."=": metavalue detected, returning FALSE
at 1710 ns(2), Instance /design_design_sch_tb/UUT/XLXI_26/ : Warning: NUMERIC_STD."=": metavalue detected, returning FALSE
at 1730 ns(2), Instance /design_design_sch_tb/UUT/XLXI_25/ : Warning: NUMERIC_STD."=": metavalue detected, returning FALSE
at 1730 ns(2), Instance /design_design_sch_tb/UUT/XLXI_26/ : Warning: NUMERIC_STD."=": metavalue detected, returning FALSE
at 1750 ns(2), Instance /design_design_sch_tb/UUT/XLXI_25/ : Warning: NUMERIC_STD."=": metavalue detected, returning FALSE
at 1750 ns(2), Instance /design_design_sch_tb/UUT/XLXI_26/ : Warning: NUMERIC_STD."=": metavalue detected, returning FALSE
at 1770 ns(2), Instance /design_design_sch_tb/UUT/XLXI_25/ : Warning: NUMERIC_STD."=": metavalue detected, returning FALSE
at 1770 ns(2), Instance /design_design_sch_tb/UUT/XLXI_26/ : Warning: NUMERIC_STD."=": metavalue detected, returning FALSE
at 1790 ns(2), Instance /design_design_sch_tb/UUT/XLXI_25/ : Warning: NUMERIC_STD."=": metavalue detected, returning FALSE
at 1790 ns(2), Instance /design_design_sch_tb/UUT/XLXI_26/ : Warning: NUMERIC_STD."=": metavalue detected, returning FALSE
at 1810 ns(2), Instance /design_design_sch_tb/UUT/XLXI_25/ : Warning: NUMERIC_STD."=": metavalue detected, returning FALSE
at 1810 ns(2), Instance /design_design_sch_tb/UUT/XLXI_26/ : Warning: NUMERIC_STD."=": metavalue detected, returning FALSE
at 1830 ns(2), Instance /design_design_sch_tb/UUT/XLXI_25/ : Warning: NUMERIC_STD."=": metavalue detected, returning FALSE
at 1830 ns(2), Instance /design_design_sch_tb/UUT/XLXI_26/ : Warning: NUMERIC_STD."=": metavalue detected, returning FALSE
at 1850 ns(2), Instance /design_design_sch_tb/UUT/XLXI_25/ : Warning: NUMERIC_STD."=": metavalue detected, returning FALSE
at 1850 ns(2), Instance /design_design_sch_tb/UUT/XLXI_26/ : Warning: NUMERIC_STD."=": metavalue detected, returning FALSE
at 1870 ns(2), Instance /design_design_sch_tb/UUT/XLXI_25/ : Warning: NUMERIC_STD."=": metavalue detected, returning FALSE
at 1870 ns(2), Instance /design_design_sch_tb/UUT/XLXI_26/ : Warning: NUMERIC_STD."=": metavalue detected, returning FALSE
at 1890 ns(2), Instance /design_design_sch_tb/UUT/XLXI_25/ : Warning: NUMERIC_STD."=": metavalue detected, returning FALSE
at 1890 ns(2), Instance /design_design_sch_tb/UUT/XLXI_26/ : Warning: NUMERIC_STD."=": metavalue detected, returning FALSE
at 1910 ns(2), Instance /design_design_sch_tb/UUT/XLXI_25/ : Warning: NUMERIC_STD."=": metavalue detected, returning FALSE
at 1910 ns(2), Instance /design_design_sch_tb/UUT/XLXI_26/ : Warning: NUMERIC_STD."=": metavalue detected, returning FALSE
at 1930 ns(2), Instance /design_design_sch_tb/UUT/XLXI_25/ : Warning: NUMERIC_STD."=": metavalue detected, returning FALSE
at 1930 ns(2), Instance /design_design_sch_tb/UUT/XLXI_26/ : Warning: NUMERIC_STD."=": metavalue detected, returning FALSE
at 1950 ns(2), Instance /design_design_sch_tb/UUT/XLXI_25/ : Warning: NUMERIC_STD."=": metavalue detected, returning FALSE
at 1950 ns(2), Instance /design_design_sch_tb/UUT/XLXI_26/ : Warning: NUMERIC_STD."=": metavalue detected, returning FALSE
at 1970 ns(2), Instance /design_design_sch_tb/UUT/XLXI_25/ : Warning: NUMERIC_STD."=": metavalue detected, returning FALSE
at 1970 ns(2), Instance /design_design_sch_tb/UUT/XLXI_26/ : Warning: NUMERIC_STD."=": metavalue detected, returning FALSE
at 1990 ns(2), Instance /design_design_sch_tb/UUT/XLXI_25/ : Warning: NUMERIC_STD."=": metavalue detected, returning FALSE
at 1990 ns(2), Instance /design_design_sch_tb/UUT/XLXI_26/ : Warning: NUMERIC_STD."=": metavalue detected, returning FALSE
at 2010 ns(2), Instance /design_design_sch_tb/UUT/XLXI_25/ : Warning: NUMERIC_STD."=": metavalue detected, returning FALSE
at 2010 ns(2), Instance /design_design_sch_tb/UUT/XLXI_26/ : Warning: NUMERIC_STD."=": metavalue detected, returning FALSE
at 2030 ns(2), Instance /design_design_sch_tb/UUT/XLXI_25/ : Warning: NUMERIC_STD."=": metavalue detected, returning FALSE
at 2030 ns(2), Instance /design_design_sch_tb/UUT/XLXI_26/ : Warning: NUMERIC_STD."=": metavalue detected, returning FALSE
at 2050 ns(2), Instance /design_design_sch_tb/UUT/XLXI_25/ : Warning: NUMERIC_STD."=": metavalue detected, returning FALSE
at 2050 ns(2), Instance /design_design_sch_tb/UUT/XLXI_26/ : Warning: NUMERIC_STD."=": metavalue detected, returning FALSE
at 2070 ns(2), Instance /design_design_sch_tb/UUT/XLXI_25/ : Warning: NUMERIC_STD."=": metavalue detected, returning FALSE
at 2070 ns(2), Instance /design_design_sch_tb/UUT/XLXI_26/ : Warning: NUMERIC_STD."=": metavalue detected, returning FALSE
at 2090 ns(2), Instance /design_design_sch_tb/UUT/XLXI_25/ : Warning: NUMERIC_STD."=": metavalue detected, returning FALSE
at 2090 ns(2), Instance /design_design_sch_tb/UUT/XLXI_26/ : Warning: NUMERIC_STD."=": metavalue detected, returning FALSE
at 2110 ns(2), Instance /design_design_sch_tb/UUT/XLXI_25/ : Warning: NUMERIC_STD."=": metavalue detected, returning FALSE
at 2110 ns(2), Instance /design_design_sch_tb/UUT/XLXI_26/ : Warning: NUMERIC_STD."=": metavalue detected, returning FALSE
# run 20.00us
