Command line:
   Design_Design_sch_tb_isim_beh.exe
     -simmode  gui
     -simrunnum  0
     -socket  52117

Wed Apr 27 00:53:57 2016


 Elaboration Time: 0.03125 sec

 Current Memory Usage: 1491.16 Meg

 Total Signals          : 81
 Total Nets             : 220
 Total Signal Drivers   : 47
 Total Blocks           : 12
 Total Primitive Blocks : 10
 Total Processes        : 35
 Total Traceable Variables  : 41
 Total Scalar Nets and Variables : 824
Total Line Count : 84
Total Line Count : 84

 Total Simulation Time: 0.109375 sec

 Current Memory Usage: 861.983 Meg

Wed Apr 27 00:59:20 2016

